Coordenador escutando em 127.0.0.1:5000Interface do Usu·rio iniciada. Comandos: '1' para fila, '2' para contadores, '3' para sair.


Comandos: '1' para fila, '2' para contadores, '3' para sair.
Escolha uma opÁ„o: 
[2026-06-17 16:27:04.717] - [REQUEST] - [2] -> [0]

[2026-06-17 16:27:04.717] - [GRANT] - [0] -> [2]

[2026-06-17 16:27:04.907] - [REQUEST] - [4] -> [0]

[2026-06-17 16:27:05.366] - [REQUEST] - [1] -> [0]

[2026-06-17 16:27:05.586] - [REQUEST] - [5] -> [0]

[2026-06-17 16:27:05.608] - [REQUEST] - [3] -> [0]

[2026-06-17 16:27:05.718] - [RELEASE] - [2] -> [0]

[2026-06-17 16:27:05.718] - [GRANT] - [0] -> [4]

[2026-06-17 16:27:06.719] - [RELEASE] - [4] -> [0]

[2026-06-17 16:27:06.719] - [GRANT] - [0] -> [1]

[2026-06-17 16:27:07.720] - [RELEASE] - [1] -> [0]

[2026-06-17 16:27:07.721] - [GRANT] - [0] -> [5]

[2026-06-17 16:27:08.722] - [RELEASE] - [5] -> [0]

[2026-06-17 16:27:08.722] - [GRANT] - [0] -> [3]

[2026-06-17 16:27:09.655] - [REQUEST] - [2] -> [0]

[2026-06-17 16:27:09.723] - [RELEASE] - [3] -> [0]

[2026-06-17 16:27:09.723] - [GRANT] - [0] -> [2]

[2026-06-17 16:27:09.959] - [REQUEST] - [4] -> [0]

[2026-06-17 16:27:10.724] - [RELEASE] - [2] -> [0]

[2026-06-17 16:27:10.724] - [GRANT] - [0] -> [4]

[2026-06-17 16:27:10.916] - [REQUEST] - [1] -> [0]

[2026-06-17 16:27:11.725] - [RELEASE] - [4] -> [0]

[2026-06-17 16:27:11.725] - [GRANT] - [0] -> [1]

[2026-06-17 16:27:11.753] - [REQUEST] - [5] -> [0]

[2026-06-17 16:27:12.726] - [RELEASE] - [1] -> [0]

[2026-06-17 16:27:12.726] - [GRANT] - [0] -> [5]

[2026-06-17 16:27:12.727] - [REQUEST] - [3] -> [0]

[2026-06-17 16:27:13.727] - [RELEASE] - [5] -> [0]

[2026-06-17 16:27:13.727] - [GRANT] - [0] -> [3]

[2026-06-17 16:27:14.378] - [REQUEST] - [2] -> [0]

[2026-06-17 16:27:14.727] - [RELEASE] - [3] -> [0]

[2026-06-17 16:27:14.728] - [GRANT] - [0] -> [2]

[2026-06-17 16:27:14.738] - [REQUEST] - [4] -> [0]

[2026-06-17 16:27:15.729] - [RELEASE] - [2] -> [0]

[2026-06-17 16:27:15.729] - [GRANT] - [0] -> [4]

[2026-06-17 16:27:16.314] - [REQUEST] - [1] -> [0]

[2026-06-17 16:27:16.730] - [RELEASE] - [4] -> [0]

[2026-06-17 16:27:16.730] - [GRANT] - [0] -> [1]

[2026-06-17 16:27:16.843] - [REQUEST] - [5] -> [0]

[2026-06-17 16:27:17.731] - [RELEASE] - [1] -> [0]

[2026-06-17 16:27:17.732] - [GRANT] - [0] -> [5]

[2026-06-17 16:27:18.275] - [REQUEST] - [3] -> [0]

[2026-06-17 16:27:18.733] - [RELEASE] - [5] -> [0]

[2026-06-17 16:27:18.734] - [GRANT] - [0] -> [3]

[2026-06-17 16:27:19.734] - [RELEASE] - [3] -> [0]
Encerrando o coordenador...
